\BOOKMARK [0][-]{chapter*.2}{\376\377\000I\000n\000t\000r\000o\000d\000u\000c\000t\000i\000o\000n}{}% 1
\BOOKMARK [0][-]{chapter.1}{\376\377\000R\000e\000l\000a\000t\000e\000d\000\040\000w\000o\000r\000k}{}% 2
\BOOKMARK [0][-]{chapter.2}{\376\377\000G\000r\000e\000g\000o\000r\000i\000a\000n\000\040\000c\000h\000a\000n\000t}{}% 3
\BOOKMARK [1][-]{section.2.1}{\376\377\000M\000a\000s\000s\000\040\000a\000n\000d\000\040\000D\000i\000v\000i\000n\000e\000\040\000O\000f\000f\000i\000c\000e}{chapter.2}% 4
\BOOKMARK [1][-]{section.2.2}{\376\377\000V\000a\000r\000i\000a\000t\000i\000o\000n\000\040\000b\000e\000t\000w\000e\000e\000n\000\040\000c\000h\000a\000n\000t\000s}{chapter.2}% 5
\BOOKMARK [1][-]{section.2.3}{\376\377\000C\000h\000a\000n\000t\000\040\000n\000o\000t\000a\000t\000i\000o\000n}{chapter.2}% 6
\BOOKMARK [1][-]{section.2.4}{\376\377\000C\000h\000a\000n\000t\000\040\000r\000e\000s\000e\000a\000r\000c\000h}{chapter.2}% 7
\BOOKMARK [0][-]{chapter.3}{\376\377\000D\000a\000t\000a}{}% 8
\BOOKMARK [1][-]{section.3.1}{\376\377\000C\000S\000V}{chapter.3}% 9
\BOOKMARK [1][-]{section.3.2}{\376\377\000D\000a\000t\000a\000b\000a\000s\000e\000\040\000f\000i\000e\000l\000d\000s}{chapter.3}% 10
\BOOKMARK [1][-]{section.3.3}{\376\377\000U\000s\000e\000r\000-\000d\000e\000f\000i\000n\000e\000d\000\040\000d\000a\000t\000a}{chapter.3}% 11
\BOOKMARK [1][-]{section.3.4}{\376\377\000M\000e\000l\000o\000d\000y\000\040\000e\000n\000c\000o\000d\000i\000n\000g}{chapter.3}% 12
\BOOKMARK [1][-]{section.3.5}{\376\377\000D\000a\000t\000a\000\040\000c\000l\000e\000a\000n\000i\000n\000g}{chapter.3}% 13
\BOOKMARK [0][-]{chapter.4}{\376\377\000M\000u\000l\000t\000i\000p\000l\000e\000\040\000s\000e\000q\000u\000e\000n\000c\000e\000\040\000a\000l\000i\000g\000n\000m\000e\000n\000t}{}% 14
\BOOKMARK [1][-]{section.4.1}{\376\377\000T\000h\000e\000\040\000p\000r\000o\000b\000l\000e\000m\000\040\000o\000f\000\040\000s\000e\000q\000u\000e\000n\000c\000e\000\040\000a\000l\000i\000g\000n\000m\000e\000n\000t}{chapter.4}% 15
\BOOKMARK [2][-]{subsection.4.1.1}{\376\377\000P\000a\000i\000r\000w\000i\000s\000e\000\040\000a\000n\000d\000\040\000m\000u\000l\000t\000i\000p\000l\000e\000\040\000s\000e\000q\000u\000e\000n\000c\000e\000\040\000a\000l\000i\000g\000n\000m\000e\000n\000t}{section.4.1}% 16
\BOOKMARK [2][-]{subsection.4.1.2}{\376\377\000L\000o\000c\000a\000l\000\040\000a\000n\000d\000\040\000g\000l\000o\000b\000a\000l\000\040\000s\000e\000q\000u\000e\000n\000c\000e\000\040\000a\000l\000i\000g\000n\000m\000e\000n\000t}{section.4.1}% 17
\BOOKMARK [1][-]{section.4.2}{\376\377\000S\000e\000q\000u\000e\000n\000c\000e\000\040\000a\000l\000i\000g\000n\000m\000e\000n\000t\000\040\000m\000e\000t\000h\000o\000d\000s}{chapter.4}% 18
\BOOKMARK [2][-]{subsection.4.2.1}{\376\377\000P\000a\000i\000r\000w\000i\000s\000e\000\040\000a\000l\000i\000g\000n\000m\000e\000n\000t\000:\000\040\000d\000y\000n\000a\000m\000i\000c\000\040\000p\000r\000o\000g\000r\000a\000m\000m\000i\000n\000g}{section.4.2}% 19
\BOOKMARK [2][-]{subsection.4.2.2}{\376\377\000M\000u\000l\000t\000i\000p\000l\000e\000\040\000s\000e\000q\000u\000e\000n\000c\000e\000\040\000a\000l\000i\000g\000n\000m\000e\000n\000t\000:\000\040\000p\000r\000o\000g\000r\000e\000s\000s\000i\000v\000e\000\040\000m\000e\000t\000h\000o\000d\000s}{section.4.2}% 20
\BOOKMARK [1][-]{section.4.3}{\376\377\000S\000e\000q\000u\000e\000n\000c\000e\000\040\000a\000l\000i\000g\000n\000m\000e\000n\000t\000\040\000f\000o\000r\000\040\000c\000h\000a\000n\000t\000\040\000m\000e\000l\000o\000d\000i\000e\000s}{chapter.4}% 21
\BOOKMARK [2][-]{subsection.4.3.1}{\376\377\000W\000o\000r\000d\000-\000b\000a\000s\000e\000d\000\040\000a\000l\000i\000g\000n\000m\000e\000n\000t}{section.4.3}% 22
\BOOKMARK [2][-]{subsection.4.3.2}{\376\377\000M\000u\000l\000t\000i\000p\000l\000e\000\040\000a\000l\000i\000g\000n\000m\000e\000n\000t\000\040\000u\000s\000i\000n\000g\000\040\000a\000b\000s\000o\000l\000u\000t\000e\000\040\000p\000i\000t\000c\000h\000e\000s}{section.4.3}% 23
\BOOKMARK [2][-]{subsection.4.3.3}{\376\377\000M\000u\000l\000t\000i\000p\000l\000e\000\040\000a\000l\000i\000g\000n\000m\000e\000n\000t\000\040\000u\000s\000i\000n\000g\000\040\000i\000n\000t\000e\000r\000v\000a\000l\000s}{section.4.3}% 24
\BOOKMARK [1][-]{section.4.4}{\376\377\000C\000o\000n\000s\000e\000r\000v\000a\000t\000i\000o\000n\000\040\000p\000r\000o\000f\000i\000l\000e}{chapter.4}% 25
\BOOKMARK [0][-]{chapter.5}{\376\377\000U\000s\000e\000r\000\040\000d\000o\000c\000u\000m\000e\000n\000t\000a\000t\000i\000o\000n}{}% 26
\BOOKMARK [1][-]{section.5.1}{\376\377\000S\000i\000t\000e\000\040\000m\000a\000p}{chapter.5}% 27
\BOOKMARK [1][-]{section.5.2}{\376\377\000L\000a\000n\000d\000i\000n\000g\000\040\000p\000a\000g\000e}{chapter.5}% 28
\BOOKMARK [2][-]{subsection.5.2.1}{\376\377\000L\000i\000s\000t\000\040\000o\000f\000\040\000a\000v\000a\000i\000l\000a\000b\000l\000e\000\040\000c\000h\000a\000n\000t\000s}{section.5.2}% 29
\BOOKMARK [2][-]{subsection.5.2.2}{\376\377\000I\000n\000c\000i\000p\000i\000t\000\040\000s\000e\000a\000r\000c\000h}{section.5.2}% 30
\BOOKMARK [2][-]{subsection.5.2.3}{\376\377\000S\000e\000a\000r\000c\000h\000\040\000f\000i\000l\000t\000e\000r}{section.5.2}% 31
\BOOKMARK [2][-]{subsection.5.2.4}{\376\377\000C\000h\000a\000n\000t\000\040\000d\000e\000t\000a\000i\000l}{section.5.2}% 32
\BOOKMARK [2][-]{subsection.5.2.5}{\376\377\000D\000a\000t\000a\000\040\000e\000x\000p\000o\000r\000t}{section.5.2}% 33
\BOOKMARK [1][-]{section.5.3}{\376\377\000D\000a\000t\000a\000\040\000s\000o\000u\000r\000c\000e\000\040\000c\000r\000e\000a\000t\000i\000o\000n}{chapter.5}% 34
\BOOKMARK [2][-]{subsection.5.3.1}{\376\377\000C\000r\000e\000a\000t\000e\000\040\000f\000r\000o\000m\000\040\000s\000e\000a\000r\000c\000h}{section.5.3}% 35
\BOOKMARK [2][-]{subsection.5.3.2}{\376\377\000U\000s\000e\000r\000\040\000d\000a\000t\000a\000\040\000u\000p\000l\000o\000a\000d}{section.5.3}% 36
\BOOKMARK [1][-]{section.5.4}{\376\377\000A\000l\000i\000g\000n\000m\000e\000n\000t}{chapter.5}% 37
\BOOKMARK [2][-]{subsection.5.4.1}{\376\377\000C\000o\000l\000l\000a\000p\000s\000i\000n\000g\000\040\000a\000n\000d\000\040\000d\000e\000l\000e\000t\000i\000n\000g\000\040\000a\000l\000i\000g\000n\000m\000e\000n\000t}{section.5.4}% 38
\BOOKMARK [2][-]{subsection.5.4.2}{\376\377\000A\000l\000i\000g\000n\000m\000e\000n\000t\000\040\000d\000i\000s\000p\000l\000a\000y\000\040\000o\000p\000t\000i\000o\000n\000s}{section.5.4}% 39
\BOOKMARK [2][-]{subsection.5.4.3}{\376\377\000A\000l\000i\000g\000n\000m\000e\000n\000t\000\040\000e\000x\000p\000o\000r\000t}{section.5.4}% 40
\BOOKMARK [1][-]{section.5.5}{\376\377\000D\000a\000s\000h\000b\000o\000a\000r\000d}{chapter.5}% 41
\BOOKMARK [1][-]{section.5.6}{\376\377\000K\000n\000o\000w\000n\000\040\000i\000s\000s\000u\000e\000s}{chapter.5}% 42
\BOOKMARK [0][-]{chapter.6}{\376\377\000D\000e\000v\000e\000l\000o\000p\000m\000e\000n\000t\000\040\000d\000o\000c\000u\000m\000e\000n\000t\000a\000t\000i\000o\000n}{}% 43
\BOOKMARK [1][-]{section.6.1}{\376\377\000D\000a\000t\000a}{chapter.6}% 44
\BOOKMARK [1][-]{section.6.2}{\376\377\000B\000a\000c\000k\000\040\000e\000n\000d}{chapter.6}% 45
\BOOKMARK [2][-]{subsection.6.2.1}{\376\377\000C\000o\000r\000e}{section.6.2}% 46
\BOOKMARK [2][-]{subsection.6.2.2}{\376\377\000R\000E\000S\000T\000\040\000A\000P\000I}{section.6.2}% 47
\BOOKMARK [1][-]{section.6.3}{\376\377\000F\000r\000o\000n\000t\000\040\000e\000n\000d}{chapter.6}% 48
\BOOKMARK [2][-]{subsection.6.3.1}{\376\377\000S\000e\000r\000v\000i\000c\000e\000s}{section.6.3}% 49
\BOOKMARK [2][-]{subsection.6.3.2}{\376\377\000C\000o\000m\000p\000o\000n\000e\000n\000t\000s}{section.6.3}% 50
\BOOKMARK [0][-]{chapter*.7}{\376\377\000C\000o\000n\000c\000l\000u\000s\000i\000o\000n}{}% 51
\BOOKMARK [0][-]{chapter*.8}{\376\377\000B\000i\000b\000l\000i\000o\000g\000r\000a\000p\000h\000y}{}% 52
\BOOKMARK [0][-]{chapter*.9}{\376\377\000L\000i\000s\000t\000\040\000o\000f\000\040\000F\000i\000g\000u\000r\000e\000s}{}% 53
\BOOKMARK [0][-]{chapter*.10}{\376\377\000L\000i\000s\000t\000\040\000o\000f\000\040\000T\000a\000b\000l\000e\000s}{}% 54
\BOOKMARK [0][-]{chapter*.11}{\376\377\000L\000i\000s\000t\000\040\000o\000f\000\040\000A\000b\000b\000r\000e\000v\000i\000a\000t\000i\000o\000n\000s}{}% 55
\BOOKMARK [0][-]{appendix.A}{\376\377\000A\000t\000t\000a\000c\000h\000m\000e\000n\000t\000s}{}% 56
\BOOKMARK [1][-]{section.A.1}{\376\377\000F\000i\000r\000s\000t\000\040\000A\000t\000t\000a\000c\000h\000m\000e\000n\000t}{appendix.A}% 57
